"../../../GrowingThingsInSpace/Content/Font/BebasNeue.uasset" 0
"../../../GrowingThingsInSpace/Content/Sprites/outro_copy_-_Copy.uasset" 1
"../../../GrowingThingsInSpace/Content/Blueprints/UI/FailWidget.uasset" 2
"../../../GrowingThingsInSpace/Content/Maps/FailLevel.umap" 3
"../../../GrowingThingsInSpace/Content/Sprites/outro_copy.uasset" 4
"../../../GrowingThingsInSpace/Content/Blueprints/UI/GameOverWidget.uasset" 5
"../../../GrowingThingsInSpace/Content/Maps/GameOverLevel.umap" 6
"../../../Engine/Content/EditorBlueprintResources/StandardMacros.uasset" 7
"../../../GrowingThingsInSpace/Content/Sounds/correct_238995__qubodup__beep-ping_01_01.uasset" 8
"../../../GrowingThingsInSpace/Content/Sounds/lbr_notification_268756__morrisjm__dingaling_01.uasset" 9
"../../../GrowingThingsInSpace/Content/Sounds/lbr_success_235911__thegertz__notification-sound.uasset" 10
"../../../GrowingThingsInSpace/Content/Sounds/wrong_269149__heshl__inharmonic-negative-backwards-caution-sound_01.uasset" 11
"../../../GrowingThingsInSpace/Content/Sprites/SpriteTextures/ui_panel.uasset" 12
"../../../GrowingThingsInSpace/Content/Sprites/MiniGameBackground.uasset" 13
"../../../GrowingThingsInSpace/Content/Sprites/SpriteTextures/potato.uasset" 14
"../../../GrowingThingsInSpace/Content/Sprites/potato_Sprite.uasset" 15
"../../../Engine/Plugins/2D/Paper2D/Content/PlaceholderTextures/DummySpriteTexture.uasset" 16
"../../../Engine/Plugins/2D/Paper2D/Content/DefaultSpriteMaterial.uasset" 17
"../../../Engine/Plugins/2D/Paper2D/Content/TranslucentUnlitSpriteMaterial.uasset" 18
"../../../GrowingThingsInSpace/Content/Sprites/SpriteTextures/potato_tool.uasset" 19
"../../../GrowingThingsInSpace/Content/Sprites/potato_tool_Sprite.uasset" 20
"../../../GrowingThingsInSpace/Content/Sprites/SpriteTextures/potato_unripe.uasset" 21
"../../../GrowingThingsInSpace/Content/Sprites/potato_unripe_Sprite.uasset" 22
"../../../GrowingThingsInSpace/Content/Blueprints/GrowingThing_Potato.uasset" 23
"../../../GrowingThingsInSpace/Content/Sprites/SpriteTextures/gradient.uasset" 24
"../../../GrowingThingsInSpace/Content/Materials/SkillTesterMat.uasset" 25
"../../../GrowingThingsInSpace/Content/Materials/SkillTesterMat_Inst.uasset" 26
"../../../Engine/Content/Functions/Engine_MaterialFunctions01/Opacity/CameraDepthFade.uasset" 27
"../../../Engine/Content/EngineMaterials/T_Default_Material_Grid_M.uasset" 28
"../../../Engine/Content/EngineMaterials/T_Default_Material_Grid_N.uasset" 29
"../../../Engine/Content/EngineMaterials/DefaultMaterial.uasset" 30
"../../../Engine/Content/BasicShapes/Cylinder.uasset" 31
"../../../GrowingThingsInSpace/Content/Sprites/SpriteTextures/banksia.uasset" 32
"../../../GrowingThingsInSpace/Content/Sprites/banksia_Sprite.uasset" 33
"../../../GrowingThingsInSpace/Content/Sprites/SpriteTextures/banksia_unripe.uasset" 34
"../../../GrowingThingsInSpace/Content/Sprites/banksia_unripe_Sprite.uasset" 35
"../../../GrowingThingsInSpace/Content/Blueprints/GrowingThing_Banksia.uasset" 36
"../../../GrowingThingsInSpace/Content/Sprites/SpriteTextures/berry.uasset" 37
"../../../GrowingThingsInSpace/Content/Sprites/berry_Sprite.uasset" 38
"../../../GrowingThingsInSpace/Content/Sprites/SpriteTextures/berry_unripe.uasset" 39
"../../../GrowingThingsInSpace/Content/Sprites/berry_unripe_Sprite.uasset" 40
"../../../GrowingThingsInSpace/Content/Blueprints/GrowingThing_Berry.uasset" 41
"../../../GrowingThingsInSpace/Content/Sprites/SpriteTextures/big_tree.uasset" 42
"../../../GrowingThingsInSpace/Content/Sprites/big_tree_Sprite.uasset" 43
"../../../GrowingThingsInSpace/Content/Sprites/SpriteTextures/big_unripe.uasset" 44
"../../../GrowingThingsInSpace/Content/Sprites/big_unripe_Sprite.uasset" 45
"../../../GrowingThingsInSpace/Content/Blueprints/GrowingThing_BigTree.uasset" 46
"../../../GrowingThingsInSpace/Content/Sprites/SpriteTextures/jaw_closed.uasset" 47
"../../../GrowingThingsInSpace/Content/Sprites/jaw_closed_Sprite.uasset" 48
"../../../GrowingThingsInSpace/Content/Sprites/SpriteTextures/jaw_open.uasset" 49
"../../../GrowingThingsInSpace/Content/Sprites/jaw_open_Sprite.uasset" 50
"../../../GrowingThingsInSpace/Content/Sprites/SpriteTextures/venus.uasset" 51
"../../../GrowingThingsInSpace/Content/Sprites/venus_Sprite.uasset" 52
"../../../GrowingThingsInSpace/Content/Sprites/SpriteTextures/venus_unripe.uasset" 53
"../../../GrowingThingsInSpace/Content/Sprites/venus_unripe_Sprite.uasset" 54
"../../../GrowingThingsInSpace/Content/Blueprints/GrowingThing_FlyTrap.uasset" 55
"../../../GrowingThingsInSpace/Content/Sprites/SpriteTextures/vine.uasset" 56
"../../../GrowingThingsInSpace/Content/Sprites/vine_Sprite.uasset" 57
"../../../GrowingThingsInSpace/Content/Sprites/SpriteTextures/vine_unripe.uasset" 58
"../../../GrowingThingsInSpace/Content/Sprites/vine_unripe_Sprite.uasset" 59
"../../../GrowingThingsInSpace/Content/Blueprints/GrowingThing_Vine.uasset" 60
"../../../GrowingThingsInSpace/Content/Blueprints/ScoreManager.uasset" 61
"../../../GrowingThingsInSpace/Content/Blueprints/SeedManager.uasset" 62
"../../../GrowingThingsInSpace/Content/Sprites/SpriteTextures/drill.uasset" 63
"../../../GrowingThingsInSpace/Content/Sprites/CrappyDrill.uasset" 64
"../../../GrowingThingsInSpace/Content/Sprites/SpriteTextures/drill1_green.uasset" 65
"../../../GrowingThingsInSpace/Content/Sprites/drill1_green_Sprite.uasset" 66
"../../../GrowingThingsInSpace/Content/Sprites/SpriteTextures/drill1_red.uasset" 67
"../../../GrowingThingsInSpace/Content/Sprites/drill1_red_Sprite.uasset" 68
"../../../GrowingThingsInSpace/Content/Sprites/SpriteTextures/drill1_yellow.uasset" 69
"../../../GrowingThingsInSpace/Content/Sprites/drill1_yellow_Sprite.uasset" 70
"../../../GrowingThingsInSpace/Content/Sprites/SpriteTextures/drill2_green.uasset" 71
"../../../GrowingThingsInSpace/Content/Sprites/drill2_green_Sprite.uasset" 72
"../../../GrowingThingsInSpace/Content/Sprites/SpriteTextures/drill2_red.uasset" 73
"../../../GrowingThingsInSpace/Content/Sprites/drill2_red_Sprite.uasset" 74
"../../../GrowingThingsInSpace/Content/Sprites/SpriteTextures/drill2_yellow.uasset" 75
"../../../GrowingThingsInSpace/Content/Sprites/drill2_yellow_Sprite.uasset" 76
"../../../GrowingThingsInSpace/Content/Sprites/SpriteTextures/drill3_green.uasset" 77
"../../../GrowingThingsInSpace/Content/Sprites/drill3_green_Sprite.uasset" 78
"../../../GrowingThingsInSpace/Content/Sprites/SpriteTextures/drill3_yellow.uasset" 79
"../../../GrowingThingsInSpace/Content/Sprites/drill3_yellow_Sprite.uasset" 80
"../../../GrowingThingsInSpace/Content/Blueprints/GrowingThing_Drill.uasset" 81
"../../../GrowingThingsInSpace/Content/Blueprints/TileSpawner.uasset" 82
"../../../GrowingThingsInSpace/Content/Sprites/SpriteTextures/soil1.uasset" 83
"../../../GrowingThingsInSpace/Content/Sprites/SpriteTextures/watering_can.uasset" 84
"../../../GrowingThingsInSpace/Content/Sprites/watering_can_Sprite.uasset" 85
"../../../GrowingThingsInSpace/Content/Materials/Soil/soil1_Mat.uasset" 86
"../../../Engine/Content/Functions/Engine_MaterialFunctions02/Texturing/CustomRotator.uasset" 87
"../../../GrowingThingsInSpace/Content/Sprites/SpriteTextures/soil1b.uasset" 88
"../../../GrowingThingsInSpace/Content/Materials/Soil/soil1b_Mat.uasset" 89
"../../../GrowingThingsInSpace/Content/Sprites/SpriteTextures/soil2.uasset" 90
"../../../GrowingThingsInSpace/Content/Materials/Soil/soil2_Mat.uasset" 91
"../../../GrowingThingsInSpace/Content/Sprites/SpriteTextures/soil3.uasset" 92
"../../../GrowingThingsInSpace/Content/Materials/Soil/soil3_Mat.uasset" 93
"../../../GrowingThingsInSpace/Content/Blueprints/UI/PlaceHolderOverlay.uasset" 94
"../../../Engine/Content/EngineMaterials/WorldGridMaterial.uasset" 95
"../../../GrowingThingsInSpace/Content/Meshes/SpaceCube.uasset" 96
"../../../GrowingThingsInSpace/Content/Sprites/SpriteTextures/hole_copy_7.uasset" 97
"../../../GrowingThingsInSpace/Content/Sprites/hole_copy_7_Sprite.uasset" 98
"../../../GrowingThingsInSpace/Content/Sprites/SpriteTextures/shovel.uasset" 99
"../../../GrowingThingsInSpace/Content/Sprites/shovel_Sprite.uasset" 100
"../../../GrowingThingsInSpace/Content/Blueprints/Tile.uasset" 101
"../../../GrowingThingsInSpace/Content/Blueprints/GrowingThing.uasset" 102
"../../../GrowingThingsInSpace/Content/Materials/Font/SFOuterLimits.uasset" 103
"../../../GrowingThingsInSpace/Content/Sprites/big_tree_button_copy.uasset" 104
"../../../GrowingThingsInSpace/Content/Sprites/SpriteTextures/banksia_button_copy.uasset" 105
"../../../GrowingThingsInSpace/Content/Sprites/SpriteTextures/berry_button_copy.uasset" 106
"../../../GrowingThingsInSpace/Content/Sprites/SpriteTextures/DRILL_BUTTON_copy.uasset" 107
"../../../GrowingThingsInSpace/Content/Sprites/SpriteTextures/potato_button_copy.uasset" 108
"../../../GrowingThingsInSpace/Content/Sprites/SpriteTextures/vine_button_copy.uasset" 109
"../../../GrowingThingsInSpace/Content/Sprites/venus_button_copy.uasset" 110
"../../../GrowingThingsInSpace/Content/Blueprints/UI/SeedsMenu.uasset" 111
"../../../GrowingThingsInSpace/Content/Blueprints/CameraOnAStick.uasset" 112
"../../../Engine/Content/EngineSky/C_Sky_Cloud_Color.uasset" 113
"../../../Engine/Content/EngineSky/C_Sky_Horizon_Color.uasset" 114
"../../../Engine/Content/EngineSky/C_Sky_Zenith_Color.uasset" 115
"../../../Engine/Content/EngineSky/T_Sky_Blue.uasset" 116
"../../../Engine/Content/EngineSky/T_Sky_Clouds_M.uasset" 117
"../../../Engine/Content/EngineSky/T_Sky_Stars.uasset" 118
"../../../Engine/Content/EngineSky/SM_SkySphere.uasset" 119
"../../../Engine/Content/EngineSky/M_Sky_Panning_Clouds2.uasset" 120
"../../../Engine/Content/EngineSky/BP_Sky_Sphere.uasset" 121
"../../../GrowingThingsInSpace/Content/Blueprints/SpaceGamePlayerController.uasset" 122
"../../../GrowingThingsInSpace/Content/Blueprints/SpaceGameGameMode.uasset" 123
"../../../GrowingThingsInSpace/Content/ExampleContent/Blueprint_Communication/Materials/M_Highlight.uasset" 124
"../../../GrowingThingsInSpace/Content/Materials/PlanetSurfaceMaterial.uasset" 125
"../../../GrowingThingsInSpace/Content/Materials/SunMaterial2.uasset" 126
"../../../Engine/Content/BasicShapes/Sphere.uasset" 127
"../../../Engine/Content/EngineMaterials/DefaultPhysicalMaterial.uasset" 128
"../../../GrowingThingsInSpace/Content/Blueprints/UI/Scorelist.uasset" 129
"../../../GrowingThingsInSpace/Content/Geometry/Meshes/CubeMaterial.uasset" 130
"../../../GrowingThingsInSpace/Content/Geometry/Meshes/1M_Cube.uasset" 131
"../../../GrowingThingsInSpace/Content/Sounds/music_249657__sophiehall3535__windy-soundscape-2.uasset" 132
"../../../GrowingThingsInSpace/Content/Sounds/music_249657__sophiehall3535__windy-soundscape-2_Cue.uasset" 133
"../../../GrowingThingsInSpace/Content/Sprites/SpriteTextures/rocket_copy.uasset" 134
"../../../GrowingThingsInSpace/Content/Sprites/rocket_copy_Sprite.uasset" 135
"../../../GrowingThingsInSpace/Content/Maps/PlanetSurface.umap" 136
"../../../GrowingThingsInSpace/Content/Materials/SunMaterial.uasset" 137
"../../../GrowingThingsInSpace/Content/Blueprints/UI/MainMenu.uasset" 138
"../../../GrowingThingsInSpace/Content/Sprites/SpriteTextures/nebula_test.uasset" 139
"../../../GrowingThingsInSpace/Content/Sprites/nebula_test_Sprite.uasset" 140
"../../../GrowingThingsInSpace/Content/Maps/MainMenu.umap" 141
"../../../Engine/Content/EngineMaterials/DefaultDiffuse.uasset" 142
"../../../Engine/Content/EngineMaterials/DefaultNormal.uasset" 143
"../../../Engine/Content/Maps/Entry.umap" 144
"../../../Engine/Content/EngineFonts/Roboto.uasset" 145
"../../../Engine/Content/Functions/Engine_MaterialFunctions01/Shading/PowerToRoughness.uasset" 146
"../../../Engine/Content/Functions/Engine_MaterialFunctions01/Shading/ConvertFromDiffSpec.uasset" 147
"../../../Engine/Content/EngineMaterials/DefaultDeferredDecalMaterial.uasset" 148
"../../../Engine/Content/EngineMaterials/DefaultLightFunctionMaterial.uasset" 149
"../../../Engine/Content/Functions/Engine_MaterialFunctions02/Utility/BreakOutFloat2Components.uasset" 150
"../../../Engine/Content/EngineMaterials/DefaultPostProcessMaterial.uasset" 151
"../../../Engine/Content/EngineResources/DefaultTexture.uasset" 152
"../../../Engine/Content/Functions/Engine_MaterialFunctions02/Texturing/ScreenAlignedUVs.uasset" 153
"../../../Engine/Content/EngineResources/WhiteSquareTexture.uasset" 154
"../../../Engine/Content/EngineMaterials/Widget3DPassThrough.uasset" 155
"../../../Engine/Content/EngineMaterials/Widget3DPassThrough_Translucent.uasset" 156
"../../../Engine/Content/EngineMaterials/Widget3DPassThrough_Translucent_OneSided.uasset" 157
"../../../Engine/Content/EngineMaterials/Widget3DPassThrough_Opaque.uasset" 158
"../../../Engine/Content/EngineMaterials/Widget3DPassThrough_Opaque_OneSided.uasset" 159
"../../../Engine/Content/EngineMaterials/Widget3DPassThrough_Masked.uasset" 160
"../../../Engine/Content/EngineMaterials/Widget3DPassThrough_Masked_OneSided.uasset" 161
"../../../Engine/Content/EditorResources/S_Actor.uasset" 162
"../../../Engine/Content/Maps/Templates/Thumbnails/Default.uasset" 163
"../../../Engine/Content/EditorMaterials/ParticleSystems/PSysThumbnail_NoImage.uasset" 164
"../../../Engine/Content/EditorMaterials/ParticleSystems/PSysThumbnail_OOD.uasset" 165
"../../../Engine/Content/EditorLandscapeResources/DataLayer.uasset" 166
"../../../Engine/Content/EngineDamageTypes/DmgTypeBP_Environmental.uasset" 167
"../../../Engine/Content/EngineMeshes/Sphere.uasset" 168
"../../../Engine/Content/EngineFonts/RobotoDistanceField.uasset" 169
"../../../Engine/Content/EngineMaterials/DefaultTextMaterialOpaque.uasset" 170
"../../../Engine/Content/EditorResources/S_Trigger.uasset" 171
"../../../Engine/Content/EngineResources/GradientTexture0.uasset" 172
"../../../Engine/Content/EngineResources/Black.uasset" 173
"../../../Engine/Content/EditorMaterials/MatineeGroups/MAT_Groups_Float.uasset" 174
"../../../Engine/Content/EditorMaterials/MatineeGroups/MAT_Groups_Director.uasset" 175
"../../../Engine/Content/EditorMaterials/MatineeGroups/MAT_Groups_Event.uasset" 176
"../../../Engine/Content/EditorMaterials/MatineeGroups/MAT_Groups_Anim.uasset" 177
"../../../Engine/Content/EditorMaterials/MatineeGroups/MAT_Groups_Fade.uasset" 178
"../../../Engine/Content/EditorMaterials/MatineeGroups/MAT_Groups_Move.uasset" 179
"../../../Engine/Content/EditorMaterials/MatineeGroups/MAT_Groups_Slomo.uasset" 180
"../../../Engine/Content/EditorMaterials/MatineeGroups/MAT_ColorTrack.uasset" 181
"../../../Engine/Content/EditorMaterials/MAT_Groups_Toggle.uasset" 182
"../../../Engine/Content/EditorMaterials/MatineeGroups/MAT_Groups_AudioMaster.uasset" 183
"../../../Engine/Content/EditorMaterials/MatineeGroups/MAT_Groups_Sound.uasset" 184
"../../../Engine/Content/EditorMaterials/MatineeGroups/MAT_Groups_Vector.uasset" 185
"../../../Engine/Content/EditorMaterials/MAT_Groups_Visibility.uasset" 186
"../../../Engine/Content/EngineResources/DefaultTextureCube.uasset" 187
"../../../Engine/Content/EngineMeshes/Cylinder.uasset" 188
"../../../Engine/Content/EngineTireTypes/DefaultTireType.uasset" 189
"../../../Engine/Content/EngineResources/AICON-Red.uasset" 190
"../../../Engine/Content/EngineResources/AICON-Green.uasset" 191
"../../../Engine/Content/Tutorial/Basics/LevelEditorAttract.uasset" 192
"../../../Engine/Content/Tutorial/ContentIntroCurve.uasset" 193
"../../../Engine/Plugins/2D/Paper2D/Content/MaskedUnlitSpriteMaterial.uasset" 194
"../../../Engine/Plugins/2D/Paper2D/Content/OpaqueUnlitSpriteMaterial.uasset" 195
"../../../Engine/Plugins/2D/Paper2D/Content/DummySpriteTexture.uasset" 196
"../../../Engine/Plugins/2D/Paper2D/Content/DummySprite.uasset" 197
"../../../Engine/Plugins/2D/Paper2D/Content/DefaultPaperTerrainMaterial.uasset" 198
"../../../Engine/Plugins/Runtime/LeapMotionController/Content/LM_CapsuleMesh.uasset" 199
"../../../Engine/Plugins/Runtime/LeapMotionController/Content/LM_TorusMesh.uasset" 200
"../../../Engine/Plugins/Runtime/LeapMotionController/Content/LM_HandColor.uasset" 201
"../../../Engine/Plugins/Runtime/LeapMotionController/Content/LM_SampleDistortion.uasset" 202
"../../../Engine/Plugins/Runtime/LeapMotionController/Content/LM_TestTexture.uasset" 203
"../../../Engine/Plugins/Runtime/LeapMotionController/Content/LM_PassthroughMaterial.uasset" 204
"../../../Engine/Content/BasicShapes/Cube.uasset" 205
"../../../Engine/Content/EngineMaterials/RemoveSurfaceMaterial.uasset" 206
"../../../Engine/Content/EngineDebugMaterials/DebugMeshMaterial.uasset" 207
"../../../Engine/Content/EngineMaterials/InvalidLightmapSettings.uasset" 208
"../../../Engine/Content/EngineMaterials/M_InvalidLightmapSettings.uasset" 209
"../../../Engine/Content/EditorMaterials/GizmoMaterial.uasset" 210
"../../../Engine/Content/EngineMaterials/Good64x64TilingNoiseHighFreq.uasset" 211
"../../../Engine/Content/EngineMaterials/DefaultBokeh.uasset" 212
"../../../Engine/Content/EngineMaterials/PreintegratedSkinBRDF.uasset" 213
"../../../Engine/Content/EngineMaterials/MiniFont.uasset" 214
"../../../Engine/Content/EngineMaterials/WeightMapPlaceholderTexture.uasset" 215
"../../../Engine/Content/EngineMaterials/DefaultWhiteGrid.uasset" 216
"../../../Engine/Content/EngineFonts/RobotoTiny.uasset" 217
"../../../Engine/Content/MobileResources/HUD/AnalogHat.uasset" 218
"../../../Engine/Content/MobileResources/HUD/VirtualJoystick_Background.uasset" 219
"../../../Engine/Content/MobileResources/HUD/VirtualJoystick_Thumb.uasset" 220
"../../../Engine/Content/MobileResources/HUD/DefaultVirtualJoysticks.uasset" 221
"../../../Engine/Content/MobileResources/HUD/LeftVirtualJoystickOnly.uasset" 222
"../../../GrowingThingsInSpace/Content/Meshes/Material.uasset" 223
"../../../GrowingThingsInSpace/Content/Meshes/tempdrill.uasset" 224
"../../../GrowingThingsInSpace/Content/Sounds/failure_138414__cameronmusic__notification-2-bad_01.uasset" 225
"../../../GrowingThingsInSpace/Content/Sprites/potato_button_copy_Sprite.uasset" 226
"../../../GrowingThingsInSpace/Content/Sprites/SpriteTextures/potato_hole_copy.uasset" 227
"../../../GrowingThingsInSpace/Content/Sprites/potato_hole_copy_Sprite.uasset" 228
"../../../GrowingThingsInSpace/Content/Sprites/big_tree_watered.uasset" 229
"../../../Engine/Content/MobileResources/HUD/MobileHUDDirectionStick.uasset" 230
"../../../Engine/Content/MobileResources/HUD/T_Castle_ThumbstickInner.uasset" 231
"../../../Engine/Content/MobileResources/HUD/MobileHUDDirectionPad2.uasset" 232
"../../../Engine/Content/MobileResources/T_MobileMenu2.uasset" 233
"../../../GrowingThingsInSpace/Content/Sprites/berry_Watered.uasset" 234
"../../../GrowingThingsInSpace/Content/Sprites/SpriteTextures/venus_hole_copy.uasset" 235
"../../../GrowingThingsInSpace/Content/Sprites/venus_hole_copy_Sprite.uasset" 236
"../../../GrowingThingsInSpace/Content/Sprites/soil1_Sprite.uasset" 237
"../../../GrowingThingsInSpace/Content/Sprites/potato_watered.uasset" 238
"../../../Engine/Content/MobileResources/T_MobileControls_texture.uasset" 239
"../../../GrowingThingsInSpace/Content/Sprites/berry_button_copy_Sprite.uasset" 240
"../../../GrowingThingsInSpace/Content/Sprites/banksia_watered.uasset" 241
"../../../GrowingThingsInSpace/Content/Blueprints/UI/ListItems.uasset" 242
"../../../GrowingThingsInSpace/Content/Blueprints/UI/TaskScroll.uasset" 243
"../../../Engine/Content/MobileResources/HUD/T_Castle_ThumbstickOutter.uasset" 244
"../../../Engine/Content/MobileResources/HUD/MobileHUDDirectionPad.uasset" 245
"../../../GrowingThingsInSpace/Content/Sprites/SpriteTextures/drillActive.uasset" 246
"../../../GrowingThingsInSpace/Content/Sprites/crappyDrillActive.uasset" 247
"../../../GrowingThingsInSpace/Content/Sprites/SpriteTextures/big_hole_copy.uasset" 248
"../../../GrowingThingsInSpace/Content/Sprites/big_hole_copy_Sprite.uasset" 249
"../../../GrowingThingsInSpace/Content/Sprites/SpriteTextures/berry_hole_copy.uasset" 250
"../../../GrowingThingsInSpace/Content/Sprites/berry_hole_copy_Sprite.uasset" 251
"../../../GrowingThingsInSpace/Content/Sprites/SpriteTextures/banksia_hole_copy.uasset" 252
"../../../GrowingThingsInSpace/Content/Sprites/banksia_hole_copy_Sprite.uasset" 253
"../../../GrowingThingsInSpace/Content/Sprites/banksia_button_copy_Sprite.uasset" 254
"../../../GrowingThingsInSpace/Content/Materials/DrillMats/_original.uasset" 255
"../../../GrowingThingsInSpace/Content/Materials/DrillMats/_original_Mat.uasset" 256
"../../../GrowingThingsInSpace/Content/Sprites/jaw_open.uasset" 257
"../../../GrowingThingsInSpace/Content/Sprites/jaw_closed.uasset" 258
"../../../GrowingThingsInSpace/Content/Sprites/intro_copy.uasset" 259
"../../../GrowingThingsInSpace/Content/Geometry/Meshes/TemplateFloor.uasset" 260
"../../../GrowingThingsInSpace/Content/Geometry/Meshes/1M_Cube_Chamfer.uasset" 261
"../../../GrowingThingsInSpace/Content/Blueprints/UI/TimerandTasks.uasset" 262
"../../../Engine/Content/MobileResources/HUD/MobileHUDDirectionPad3.uasset" 263
"../../../GrowingThingsInSpace/Content/Sprites/hole_FILLED.uasset" 264
"../../../GrowingThingsInSpace/Content/Sprites/ui_panel.uasset" 265
"../../../GrowingThingsInSpace/Content/Materials/DrillMats/Silver.uasset" 266
"../../../GrowingThingsInSpace/Content/Sprites/SpriteTextures/hole_copy_7_Sprite.uasset" 267
"../../../GrowingThingsInSpace/Content/Materials/DrillMats/Glowy.uasset" 268
"../../../Engine/Content/MobileResources/HUD/MobileHUDButton3.uasset" 269
"../../../Engine/Content/MobileResources/HUD/MobileHUDButton2_off.uasset" 270
"../../../Engine/Content/EditorResources/EmptyActor.uasset" 271
"../../../Engine/Content/EditorResources/AudioIcons/S_AudioComponent_AutoActivate.uasset" 272
"../../../GrowingThingsInSpace/Content/Sprites/SpriteTextures/vine_hole_copy.uasset" 273
"../../../GrowingThingsInSpace/Content/Sprites/vine_hole_copy_Sprite.uasset" 274
"../../../GrowingThingsInSpace/Content/Sprites/vine_button_copy_Sprite.uasset" 275
"../../../GrowingThingsInSpace/Content/Sprites/venus_watered.uasset" 276
"../../../Engine/Content/MobileResources/HUD/MobileHUDButtonFire.uasset" 277
"../../../GrowingThingsInSpace/Content/Sprites/NewPaperSprite.uasset" 278
"../../../GrowingThingsInSpace/Content/Sprites/DRILL_BUTTON_copy.uasset" 279
"../../../GrowingThingsInSpace/Content/Sprites/vine_watered.uasset" 280
"../../../GrowingThingsInSpace/Content/Materials/BaseMaterial.uasset" 281
"../../../GrowingThingsInSpace/Content/Materials/OrangeMaterial.uasset" 282
"../../../GrowingThingsInSpace/Content/Materials/BlueMaterial.uasset" 283
"../../../Engine/Content/MobileResources/HUD/MobileHUDButton2_on.uasset" 284
"../../../GrowingThingsInSpace/Content/Sprites/SpriteTextures/MiniGameFrame.uasset" 285
"../../../Engine/Content/MobileResources/HUD/MobileHUDButton1_off.uasset" 286
"../../../Engine/Content/MobileResources/HUD/MobileHUDButton1_on.uasset" 287
"../../../Engine/Content/EditorMaterials/PhAT_JointLimitMaterial.uasset" 288
"../../../Engine/Content/EditorMaterials/PreviewShadowIndicator.uasset" 289
"../../../Engine/Content/EditorMaterials/PreviewShadowIndicatorMaterial.uasset" 290
"../../../Engine/Content/EditorMeshes/ColorCalibrator/M_ChromeBall.uasset" 291
"../../../Engine/Content/EditorMeshes/ColorCalibrator/M_ClearCoat.uasset" 292
"../../../Engine/Content/EditorMeshes/ColorCalibrator/M_ClearCoatBlack.uasset" 293
"../../../Engine/Content/EditorMeshes/ColorCalibrator/T_ColorGrid.uasset" 294
"../../../Engine/Content/EditorMeshes/ColorCalibrator/M_ColorGrid.uasset" 295
"../../../Engine/Content/EditorMeshes/ColorCalibrator/M_GreyBall.uasset" 296
"../../../Engine/Content/EditorMeshes/ColorCalibrator/SM_ColorCalibrator.uasset" 297
"../../../Engine/Content/EditorResources/BSPVertex.uasset" 298
"../../../Engine/Content/EngineDebugMaterials/HeatmapGradient.uasset" 299
"../../../Engine/Content/EngineDebugMaterials/BoneWeightMaterial.uasset" 300
"../../../Engine/Content/EngineDebugMaterials/GeomMaterial.uasset" 301
"../../../Engine/Content/EngineMaterials/EditorBrushMaterial.uasset" 302
"../../../Engine/Content/Tutorial/Basics/TutorialAssets/icon_tab_Levels_40x.uasset" 303
"../../../Engine/Content/Tutorial/Basics/LevelEditorOverview.uasset" 304
"../../../Engine/Content/Tutorial/BlueprintTutorials/TutorialAssets/Blueprint_64x.uasset" 305
"../../../Engine/Content/Tutorial/BlueprintTutorials/BlueprintEditorTutorial.uasset" 306
"../../../Engine/Content/Tutorial/BlueprintTutorials/TutorialAssets/BlueprintInterface_64x.uasset" 307
"../../../Engine/Content/Tutorial/BlueprintTutorials/TutorialAssets/Tutorial_BP_Interface.uasset" 308
"../../../Engine/Content/Tutorial/BlueprintTutorials/BlueprintInterfacesEditorOverview.uasset" 309
"../../../Engine/Content/Tutorial/BlueprintTutorials/TutorialAssets/BlueprintMacroLibrary_64x.uasset" 310
"../../../Engine/Content/Tutorial/BlueprintTutorials/TutorialAssets/Tutorial_BP_MacroLib.uasset" 311
"../../../Engine/Content/Tutorial/BlueprintTutorials/BlueprintMacroLibrariesEditorOverview.uasset" 312
"../../../Engine/Content/Tutorial/BlueprintTutorials/LevelBlueprintEditorOverview.uasset" 313
"../../../Engine/Content/Tutorial/Foliage/TutorialAssets/Foliage.uasset" 314
"../../../Engine/Content/Tutorial/Foliage/Foliage_Settings_Tutorial.uasset" 315
"../../../Engine/Content/Tutorial/Foliage/Foliage_Using_The_Tool_Tutorial.uasset" 316
"../../../Engine/Content/Tutorial/Foliage/Foliage_Intro_Tutorial.uasset" 317
"../../../Engine/Content/Tutorial/Landscape/TutorialAssets/Landscape.uasset" 318
"../../../Engine/Content/Tutorial/Landscape/Landscape_Painting_Mode.uasset" 319
"../../../Engine/Content/Tutorial/Landscape/Landscape_Sculpt_Mode.uasset" 320
"../../../Engine/Content/Tutorial/Landscape/Landscape_Manage_Mode.uasset" 321
"../../../Engine/Content/Tutorial/Paper2D/TutorialAssets/Paper2DFlipbook_TutorialIcon.uasset" 322
"../../../Engine/Content/Tutorial/Paper2D/FlipbookEditorTutorial.uasset" 323
"../../../Engine/Content/Tutorial/Paper2D/TutorialAssets/Paper2DSprite_TutorialIcon.uasset" 324
"../../../Engine/Content/Tutorial/Paper2D/SpriteEditorTutorial.uasset" 325
"../../../Engine/Content/EditorMeshes/EditorCube.uasset" 326
"../../../Engine/Content/Tutorial/SubEditors/TutorialAssets/Tutorial_DM.uasset" 327
"../../../Engine/Content/Tutorial/SubEditors/DestructibleMeshEditorTutorial.uasset" 328
"../../../Engine/Content/Tutorial/SubEditors/TutorialAssets/TutorialMaterial.uasset" 329
"../../../Engine/Content/Tutorial/SubEditors/MaterialEditorTutorial.uasset" 330
"../../../Engine/Content/Tutorial/SubEditors/TutorialAssets/T_SmokeSubUV_8X8.uasset" 331
"../../../Engine/Content/Tutorial/SubEditors/TutorialAssets/T_soft_smoke.uasset" 332
"../../../Engine/Content/Tutorial/SubEditors/TutorialAssets/M_smoke_subUV_blackbody.uasset" 333
"../../../Engine/Content/Tutorial/SubEditors/TutorialAssets/TutorialParticleSystem.uasset" 334
"../../../Engine/Content/Tutorial/SubEditors/ParticleSystemEditorTutorial.uasset" 335
"../../../Engine/Content/Tutorial/SubEditors/TutorialAssets/icon_ShowSkeletalMeshes_40x.uasset" 336
"../../../Engine/Content/Tutorial/SubEditors/TutorialAssets/Character/TutorialTPP_Mat.uasset" 337
"../../../Engine/Content/Tutorial/SubEditors/TutorialAssets/Character/TutorialTPP_PhysicsAsset.uasset" 338
"../../../Engine/Content/Tutorial/SubEditors/TutorialAssets/Character/TutorialTPP.uasset" 339
"../../../Engine/Content/Tutorial/SubEditors/TutorialAssets/Character/TutorialTPP_Skeleton.uasset" 340
"../../../Engine/Content/Tutorial/SubEditors/TutorialAssets/Character/Tutorial_Idle.uasset" 341
"../../../Engine/Content/Tutorial/SubEditors/TutorialAssets/Character/Tutorial_Walk_Fwd.uasset" 342
"../../../Engine/Content/Tutorial/SubEditors/TutorialAssets/Character/NewBlendSpace1D.uasset" 343
"../../../Engine/Content/Tutorial/SubEditors/TutorialAssets/Character/TutorialCharacter.uasset" 344
"../../../Engine/Content/Tutorial/SubEditors/TutorialAssets/Character/TutorialTPP_AnimBlueprint.uasset" 345
"../../../Engine/Content/Tutorial/SubEditors/PersonaAnimBlueprintEditorWalkthrough.uasset" 346
"../../../Engine/Content/Tutorial/SubEditors/PersonaAnimEditorWalkthrough.uasset" 347
"../../../Engine/Content/EngineMeshes/Cube.uasset" 348
"../../../Engine/Content/Tutorial/SubEditors/StaticMeshEditorTutorial.uasset" 349
"../../../Engine/Content/Tutorial/SubEditors/TutorialAssets/icon_Editor_Preferences_General_40x.uasset" 350
